<?xml version="1.0" encoding="UTF-8"?>
<testng-results skipped="0" failed="0" total="2" passed="2">
  <reporter-output>
  </reporter-output>
  <suite name="Surefire suite" duration-ms="67624" started-at="2022-08-31T16:28:22Z" finished-at="2022-08-31T16:29:29Z">
    <groups>
      <group name="cucumber">
        <method signature="AbstractTestNGCucumberTests.runScenario(io.cucumber.testng.PickleWrapper, io.cucumber.testng.FeatureWrapper)[pri:0, instance:Runners._04_TestRunnerSmoke@ff5b51f]" name="runScenario" class="io.cucumber.testng.AbstractTestNGCucumberTests"/>
      </group> <!-- cucumber -->
    </groups>
    <test name="Surefire test" duration-ms="67624" started-at="2022-08-31T16:28:22Z" finished-at="2022-08-31T16:29:29Z">
      <class name="Runners._04_TestRunnerSmoke">
        <test-method status="PASS" signature="setUpClass(org.testng.ITestContext)[pri:0, instance:Runners._04_TestRunnerSmoke@ff5b51f]" name="setUpClass" is-config="true" duration-ms="1859" started-at="2022-08-31T19:28:22Z" finished-at="2022-08-31T19:28:24Z">
          <params>
            <param index="0">
              <value>
                <![CDATA[org.testng.TestRunner@640cc04b]]>
              </value>
            </param>
          </params>
          <reporter-output>
          </reporter-output>
        </test-method> <!-- setUpClass -->
        <test-method status="PASS" signature="runScenario(io.cucumber.testng.PickleWrapper, io.cucumber.testng.FeatureWrapper)[pri:0, instance:Runners._04_TestRunnerSmoke@ff5b51f]" name="runScenario" duration-ms="39880" started-at="2022-08-31T19:28:24Z" description="Runs Cucumber Scenarios" data-provider="scenarios" finished-at="2022-08-31T19:29:03Z">
          <params>
            <param index="0">
              <value>
                <![CDATA["Login with valid username and password"]]>
              </value>
            </param>
            <param index="1">
              <value>
                <![CDATA["Login Functionality"]]>
              </value>
            </param>
          </params>
          <reporter-output>
          </reporter-output>
        </test-method> <!-- runScenario -->
        <test-method status="PASS" signature="runScenario(io.cucumber.testng.PickleWrapper, io.cucumber.testng.FeatureWrapper)[pri:0, instance:Runners._04_TestRunnerSmoke@ff5b51f]" name="runScenario" duration-ms="25655" started-at="2022-08-31T19:29:03Z" description="Runs Cucumber Scenarios" data-provider="scenarios" finished-at="2022-08-31T19:29:29Z">
          <params>
            <param index="0">
              <value>
                <![CDATA["Create Country"]]>
              </value>
            </param>
            <param index="1">
              <value>
                <![CDATA["Country Functionality"]]>
              </value>
            </param>
          </params>
          <reporter-output>
          </reporter-output>
        </test-method> <!-- runScenario -->
        <test-method status="PASS" signature="tearDownClass()[pri:0, instance:Runners._04_TestRunnerSmoke@ff5b51f]" name="tearDownClass" is-config="true" duration-ms="192" started-at="2022-08-31T19:29:29Z" finished-at="2022-08-31T19:29:29Z">
          <reporter-output>
          </reporter-output>
        </test-method> <!-- tearDownClass -->
      </class> <!-- Runners._04_TestRunnerSmoke -->
    </test> <!-- Surefire test -->
  </suite> <!-- Surefire suite -->
</testng-results>
